{
  "stats": {
    "suites": 1,
    "tests": 12,
    "passes": 12,
    "pending": 0,
    "failures": 0,
    "start": "2025-11-16T22:14:11.780Z",
    "end": "2025-11-16T22:16:09.121Z",
    "duration": 117341,
    "testsRegistered": 12,
    "passPercent": 100,
    "pendingPercent": 0,
    "other": 0,
    "hasOther": false,
    "skipped": 0,
    "hasSkipped": false
  },
  "results": [
    {
      "uuid": "86e9ae78-5933-4dac-b687-f2263032487f",
      "title": "",
      "fullFile": "cypress\\e2e\\Basket.cy.js",
      "file": "cypress\\e2e\\Basket.cy.js",
      "beforeHooks": [],
      "afterHooks": [],
      "tests": [],
      "suites": [
        {
          "uuid": "1d5c38e8-1d85-4034-b1e6-1bfddfcbdd11",
          "title": "User Story - 04 - Sepet Yönetimi ve Kontrolü",
          "fullFile": "",
          "file": "",
          "beforeHooks": [],
          "afterHooks": [],
          "tests": [
            {
              "title": "TC23: Sepete erişim ve \"Sepete Git\" butonunun çalışması",
              "fullTitle": "User Story - 04 - Sepet Yönetimi ve Kontrolü TC23: Sepete erişim ve \"Sepete Git\" butonunun çalışması",
              "timedOut": null,
              "duration": 21393,
              "state": "passed",
              "speed": "slow",
              "pass": true,
              "fail": false,
              "pending": false,
              "context": null,
              "code": "_BasketPage.default.openCartSidebar();\n_BasketPage.default.clickGoToCart();\n_BasketPage.default.verifyOnbasketPage();",
              "err": {},
              "uuid": "58dafb92-dbe8-4cb9-a63a-15b90c025eab",
              "parentUUID": "1d5c38e8-1d85-4034-b1e6-1bfddfcbdd11",
              "isHook": false,
              "skipped": false
            },
            {
              "title": "TC24: Sepetteki ürün bilgileri doğru gösterilmeli",
              "fullTitle": "User Story - 04 - Sepet Yönetimi ve Kontrolü TC24: Sepetteki ürün bilgileri doğru gösterilmeli",
              "timedOut": null,
              "duration": 9042,
              "state": "passed",
              "speed": "medium",
              "pass": true,
              "fail": false,
              "pending": false,
              "context": null,
              "code": "_BasketPage.default.addFirstProductToCart();\n_BasketPage.default.verifyCartItems();",
              "err": {},
              "uuid": "ca5f9ef6-0177-4c37-a210-41a526f8810e",
              "parentUUID": "1d5c38e8-1d85-4034-b1e6-1bfddfcbdd11",
              "isHook": false,
              "skipped": false
            },
            {
              "title": "TC25: Sepet toplamının doğru hesaplanması",
              "fullTitle": "User Story - 04 - Sepet Yönetimi ve Kontrolü TC25: Sepet toplamının doğru hesaplanması",
              "timedOut": null,
              "duration": 7879,
              "state": "passed",
              "speed": "medium",
              "pass": true,
              "fail": false,
              "pending": false,
              "context": null,
              "code": "_BasketPage.default.openCartSidebar();\n_BasketPage.default.clickGoToCart();\n_BasketPage.default.verifyCartTotals();",
              "err": {},
              "uuid": "6dba6804-2990-4945-aad2-6aaecc372a5d",
              "parentUUID": "1d5c38e8-1d85-4034-b1e6-1bfddfcbdd11",
              "isHook": false,
              "skipped": false
            },
            {
              "title": "TC26: Ürün adedini artırma ve toplamların güncellenmesi",
              "fullTitle": "User Story - 04 - Sepet Yönetimi ve Kontrolü TC26: Ürün adedini artırma ve toplamların güncellenmesi",
              "timedOut": null,
              "duration": 5858,
              "state": "passed",
              "speed": "medium",
              "pass": true,
              "fail": false,
              "pending": false,
              "context": null,
              "code": "_BasketPage.default.openCartSidebar();\n_BasketPage.default.clickGoToCart();\n_BasketPage.default.increaseFirstProductQuantity();",
              "err": {},
              "uuid": "adfdef58-1525-40e6-b7fd-12d6da5b8880",
              "parentUUID": "1d5c38e8-1d85-4034-b1e6-1bfddfcbdd11",
              "isHook": false,
              "skipped": false
            },
            {
              "title": "TC27: Tek bir ürünün silinmesi",
              "fullTitle": "User Story - 04 - Sepet Yönetimi ve Kontrolü TC27: Tek bir ürünün silinmesi",
              "timedOut": null,
              "duration": 8382,
              "state": "passed",
              "speed": "medium",
              "pass": true,
              "fail": false,
              "pending": false,
              "context": null,
              "code": "// Önce sepete farklı ürün ekle\n_BasketPage.default.addDifferentProductsToCart();\n// İlk ürünü sil\n_BasketPage.default.deleteFirstProductFromCart();\n// Sepette kaç ürün kaldığını doğrula\n_BasketPage.default.elements.cartItems().should(\"have.length\", 1);\n// Sepet toplamlarının güncellendiğini doğrula\n_BasketPage.default.verifyCartTotals();",
              "err": {},
              "uuid": "2477d04a-5dab-4baf-a15b-480c9a3fbb52",
              "parentUUID": "1d5c38e8-1d85-4034-b1e6-1bfddfcbdd11",
              "isHook": false,
              "skipped": false
            },
            {
              "title": "TC28: Sepeti tamamen temizleme",
              "fullTitle": "User Story - 04 - Sepet Yönetimi ve Kontrolü TC28: Sepeti tamamen temizleme",
              "timedOut": null,
              "duration": 12063,
              "state": "passed",
              "speed": "slow",
              "pass": true,
              "fail": false,
              "pending": false,
              "context": null,
              "code": "// Önce sepete birkaç ürün ekle\n_BasketPage.default.addDifferentProductsToCart();\n// Sepeti temizle\n_BasketPage.default.clearCart();",
              "err": {},
              "uuid": "f808c8da-95f3-4a6c-8e05-6b80fda731d8",
              "parentUUID": "1d5c38e8-1d85-4034-b1e6-1bfddfcbdd11",
              "isHook": false,
              "skipped": false
            },
            {
              "title": "TC29: Boş sepet durumu",
              "fullTitle": "User Story - 04 - Sepet Yönetimi ve Kontrolü TC29: Boş sepet durumu",
              "timedOut": null,
              "duration": 6421,
              "state": "passed",
              "speed": "medium",
              "pass": true,
              "fail": false,
              "pending": false,
              "context": null,
              "code": "_BasketPage.default.openCartSidebar();\n_BasketPage.default.clickGoToCart();\n// Önce sepette varsa ürünleri temizle\n// Boş sepet durumunu kontrol et\n_BasketPage.default.checkEmptyCart();",
              "err": {},
              "uuid": "731a8393-c55e-4956-b9b9-e812b5c78115",
              "parentUUID": "1d5c38e8-1d85-4034-b1e6-1bfddfcbdd11",
              "isHook": false,
              "skipped": false
            },
            {
              "title": "TC30: Satın alma butonu çalışır ve kullanıcıyı yönlendirir",
              "fullTitle": "User Story - 04 - Sepet Yönetimi ve Kontrolü TC30: Satın alma butonu çalışır ve kullanıcıyı yönlendirir",
              "timedOut": null,
              "duration": 9000,
              "state": "passed",
              "speed": "medium",
              "pass": true,
              "fail": false,
              "pending": false,
              "context": null,
              "code": "_BasketPage.default.addFirstProductToCart();\n// Satın Al butonuna tıkla ve yönlendirmeyi doğrula\n_BasketPage.default.clickCheckoutButton();",
              "err": {},
              "uuid": "57fb7c7d-6d05-44a6-b886-908960a0571a",
              "parentUUID": "1d5c38e8-1d85-4034-b1e6-1bfddfcbdd11",
              "isHook": false,
              "skipped": false
            },
            {
              "title": "TC31: Ürün detay sayfasından sepete ekleme ve sepete git",
              "fullTitle": "User Story - 04 - Sepet Yönetimi ve Kontrolü TC31: Ürün detay sayfasından sepete ekleme ve sepete git",
              "timedOut": null,
              "duration": 10851,
              "state": "passed",
              "speed": "slow",
              "pass": true,
              "fail": false,
              "pending": false,
              "context": null,
              "code": "_BasketPage.default.addProductFromDetailPage();",
              "err": {},
              "uuid": "2a3670c6-6550-41f1-ac7b-b5bf441985f8",
              "parentUUID": "1d5c38e8-1d85-4034-b1e6-1bfddfcbdd11",
              "isHook": false,
              "skipped": false
            },
            {
              "title": "TC32: Ana sayfadan ürün sepete ekleme ve sepete git",
              "fullTitle": "User Story - 04 - Sepet Yönetimi ve Kontrolü TC32: Ana sayfadan ürün sepete ekleme ve sepete git",
              "timedOut": null,
              "duration": 8575,
              "state": "passed",
              "speed": "medium",
              "pass": true,
              "fail": false,
              "pending": false,
              "context": null,
              "code": "_BasketPage.default.addProductFromHomePage();",
              "err": {},
              "uuid": "6e8564c2-312d-4185-a1ec-d79f2335e2fb",
              "parentUUID": "1d5c38e8-1d85-4034-b1e6-1bfddfcbdd11",
              "isHook": false,
              "skipped": false
            },
            {
              "title": "TC33: Sepet boşken \"Satın Al\" butonuna tıklama",
              "fullTitle": "User Story - 04 - Sepet Yönetimi ve Kontrolü TC33: Sepet boşken \"Satın Al\" butonuna tıklama",
              "timedOut": null,
              "duration": 9019,
              "state": "passed",
              "speed": "medium",
              "pass": true,
              "fail": false,
              "pending": false,
              "context": null,
              "code": "_BasketPage.default.openCartSidebar();\n_BasketPage.default.clickGoToCart();\n_BasketPage.default.clearCart(); // Sepeti tamamen temizle\n_BasketPage.default.verifyPurchaseButtonNotVisibleWhenCartEmpty(); // Satın Al butonunun olmamasını doğrula",
              "err": {},
              "uuid": "e527cd3d-072e-4949-8f24-b46c8ee921c3",
              "parentUUID": "1d5c38e8-1d85-4034-b1e6-1bfddfcbdd11",
              "isHook": false,
              "skipped": false
            },
            {
              "title": "TC34: Geçersiz ürün adedi girme",
              "fullTitle": "User Story - 04 - Sepet Yönetimi ve Kontrolü TC34: Geçersiz ürün adedi girme",
              "timedOut": null,
              "duration": 7351,
              "state": "passed",
              "speed": "medium",
              "pass": true,
              "fail": false,
              "pending": false,
              "context": null,
              "code": "_BasketPage.default.addFirstProductToCart();\n// Negatif veya sıfır değer girildiğinde davranışı kontrol et\n_BasketPage.default.verifyInvalidQuantityHandling();",
              "err": {},
              "uuid": "4bf9fe6c-73f9-42fd-86f9-59a582de0680",
              "parentUUID": "1d5c38e8-1d85-4034-b1e6-1bfddfcbdd11",
              "isHook": false,
              "skipped": false
            }
          ],
          "suites": [],
          "passes": [
            "58dafb92-dbe8-4cb9-a63a-15b90c025eab",
            "ca5f9ef6-0177-4c37-a210-41a526f8810e",
            "6dba6804-2990-4945-aad2-6aaecc372a5d",
            "adfdef58-1525-40e6-b7fd-12d6da5b8880",
            "2477d04a-5dab-4baf-a15b-480c9a3fbb52",
            "f808c8da-95f3-4a6c-8e05-6b80fda731d8",
            "731a8393-c55e-4956-b9b9-e812b5c78115",
            "57fb7c7d-6d05-44a6-b886-908960a0571a",
            "2a3670c6-6550-41f1-ac7b-b5bf441985f8",
            "6e8564c2-312d-4185-a1ec-d79f2335e2fb",
            "e527cd3d-072e-4949-8f24-b46c8ee921c3",
            "4bf9fe6c-73f9-42fd-86f9-59a582de0680"
          ],
          "failures": [],
          "pending": [],
          "skipped": [],
          "duration": 115834,
          "root": false,
          "rootEmpty": false,
          "_timeout": 2000
        }
      ],
      "passes": [],
      "failures": [],
      "pending": [],
      "skipped": [],
      "duration": 0,
      "root": true,
      "rootEmpty": true,
      "_timeout": 2000
    }
  ],
  "meta": {
    "mocha": {
      "version": "7.0.1"
    },
    "mochawesome": {
      "options": {
        "quiet": false,
        "reportFilename": "mochawesome",
        "saveHtml": false,
        "saveJson": true,
        "consoleReporter": "spec",
        "useInlineDiffs": false,
        "code": true
      },
      "version": "7.1.3"
    },
    "marge": {
      "options": {
        "reportDir": "cypress/reports",
        "overwrite": false,
        "html": false,
        "json": true
      },
      "version": "6.3.2"
    }
  }
}