{
  "stats": {
    "suites": 1,
    "tests": 8,
    "passes": 8,
    "pending": 0,
    "failures": 0,
    "start": "2025-11-16T15:46:54.027Z",
    "end": "2025-11-16T15:49:13.492Z",
    "duration": 139465,
    "testsRegistered": 8,
    "passPercent": 100,
    "pendingPercent": 0,
    "other": 0,
    "hasOther": false,
    "skipped": 0,
    "hasSkipped": false
  },
  "results": [
    {
      "uuid": "42cd4acc-0daf-4a7c-bcad-d6d7b70fe97c",
      "title": "",
      "fullFile": "cypress\\e2e\\Payment.cy.js",
      "file": "cypress\\e2e\\Payment.cy.js",
      "beforeHooks": [],
      "afterHooks": [],
      "tests": [],
      "suites": [
        {
          "uuid": "716f87db-ad42-4a83-82ba-6a61ea1ddff4",
          "title": "User Story - 05 - Ödeme ve Sipariş Onayı",
          "fullFile": "",
          "file": "",
          "beforeHooks": [],
          "afterHooks": [],
          "tests": [
            {
              "title": "TC35: Satın Al butonuna tıklanınca kullanıcı adres bilgileri sayfasına yönlendirilmeli",
              "fullTitle": "User Story - 05 - Ödeme ve Sipariş Onayı TC35: Satın Al butonuna tıklanınca kullanıcı adres bilgileri sayfasına yönlendirilmeli",
              "timedOut": null,
              "duration": 22504,
              "state": "passed",
              "speed": "slow",
              "pass": true,
              "fail": false,
              "pending": false,
              "context": null,
              "code": "_PaymentPage.default.clickContinueShippingButton();\n_PaymentPage.default.addProductToCartByName(\"Gökçen 4 - Hediyeli Kutu\");\n_PaymentPage.default.clickCheckoutButton();\n_PaymentPage.default.verifyAddressPage();",
              "err": {},
              "uuid": "2553ef16-7120-41f1-895d-74c9a4dcacbd",
              "parentUUID": "716f87db-ad42-4a83-82ba-6a61ea1ddff4",
              "isHook": false,
              "skipped": false
            },
            {
              "title": "TC36 - Pozitif: 'Ödeme Adımına Geç' butonu ödeme sayfasına yönlendirmeli",
              "fullTitle": "User Story - 05 - Ödeme ve Sipariş Onayı TC36 - Pozitif: 'Ödeme Adımına Geç' butonu ödeme sayfasına yönlendirmeli",
              "timedOut": null,
              "duration": 13426,
              "state": "passed",
              "speed": "slow",
              "pass": true,
              "fail": false,
              "pending": false,
              "context": null,
              "code": "_PaymentPage.default.clickCheckoutButton();\n// 3️⃣ Adres Bilgileri sayfasında olunduğunu doğrula\n_PaymentPage.default.verifyAddressPage();\n// 4️⃣ Adres bilgilerinin göründüğünü doğrula\n_PaymentPage.default.verifyAddressInformation();\n// 4️⃣ “Ödeme Adımına Geç” butonuna tıkla\n_PaymentPage.default.clickProceedToPayment();\n// 5️⃣ Ödeme sayfasına yönlendirildiğini doğrula\n_PaymentPage.default.verifyPaymentPage();",
              "err": {},
              "uuid": "1403b810-8302-4db3-8c8b-32689e8aa193",
              "parentUUID": "716f87db-ad42-4a83-82ba-6a61ea1ddff4",
              "isHook": false,
              "skipped": false
            },
            {
              "title": "TC37: Kargo seçeneklerinin görüntülenmesi ve PTT Kargo’nun varsayılan seçimi",
              "fullTitle": "User Story - 05 - Ödeme ve Sipariş Onayı TC37: Kargo seçeneklerinin görüntülenmesi ve PTT Kargo’nun varsayılan seçimi",
              "timedOut": null,
              "duration": 11867,
              "state": "passed",
              "speed": "slow",
              "pass": true,
              "fail": false,
              "pending": false,
              "context": null,
              "code": "_PaymentPage.default.clickCheckoutButton();\n_PaymentPage.default.clickProceedToPayment();\n_PaymentPage.default.verifyShippingOptions();",
              "err": {},
              "uuid": "3fafa543-47b4-4658-85ff-ba5b3232af67",
              "parentUUID": "716f87db-ad42-4a83-82ba-6a61ea1ddff4",
              "isHook": false,
              "skipped": false
            },
            {
              "title": "TC38: Ödeme seçeneklerinin gösterimi",
              "fullTitle": "User Story - 05 - Ödeme ve Sipariş Onayı TC38: Ödeme seçeneklerinin gösterimi",
              "timedOut": null,
              "duration": 17927,
              "state": "passed",
              "speed": "slow",
              "pass": true,
              "fail": false,
              "pending": false,
              "context": null,
              "code": "_PaymentPage.default.clickCheckoutButton(); // Satın Al\n_PaymentPage.default.clickProceedToPayment(); // Ödeme Adımına Geç\n_PaymentPage.default.verifyPaymentOptions(); // Ödeme seçeneklerini doğrula",
              "err": {},
              "uuid": "6e7780cb-6ff3-4bdd-9787-8897527df833",
              "parentUUID": "716f87db-ad42-4a83-82ba-6a61ea1ddff4",
              "isHook": false,
              "skipped": false
            },
            {
              "title": "TC39: Kartla Ödeme seçildiğinde kredi kartı formu görünür olmalı",
              "fullTitle": "User Story - 05 - Ödeme ve Sipariş Onayı TC39: Kartla Ödeme seçildiğinde kredi kartı formu görünür olmalı",
              "timedOut": null,
              "duration": 20510,
              "state": "passed",
              "speed": "slow",
              "pass": true,
              "fail": false,
              "pending": false,
              "context": null,
              "code": "_PaymentPage.default.clickCheckoutButton(); // Satın Al\n_PaymentPage.default.clickProceedToPayment(); // Ödeme Adımına Geç\n_PaymentPage.default.verifyPaymentOptions(); // Ödeme seçeneklerini doğrula\n// “Kartla Ödeme” sekmesine tıklanır\n_PaymentPage.default.clickCardPaymentTab();\n// Kart formu alanları görünür olmalı\n_PaymentPage.default.verifyCreditCardFormVisible();",
              "err": {},
              "uuid": "18d6061c-3fef-4f2f-a4bd-c2b004e9c9a9",
              "parentUUID": "716f87db-ad42-4a83-82ba-6a61ea1ddff4",
              "isHook": false,
              "skipped": false
            },
            {
              "title": "TC40 Pozitif: Tüm alanlar doldurulunca ödeme butonunun aktif olması",
              "fullTitle": "User Story - 05 - Ödeme ve Sipariş Onayı TC40 Pozitif: Tüm alanlar doldurulunca ödeme butonunun aktif olması",
              "timedOut": null,
              "duration": 20863,
              "state": "passed",
              "speed": "slow",
              "pass": true,
              "fail": false,
              "pending": false,
              "context": null,
              "code": "_BasketPage.default.clickCheckoutButton();\n_PaymentPage.default.clickProceedToPayment();\n_PaymentPage.default.clickCardPaymentTab();\n_PaymentPage.default.fillCreditCardForm(); // fixture’dan okuyor artık ✅\n_PaymentPage.default.verifyPayButtonIsEnabled();",
              "err": {},
              "uuid": "9754c4b7-357c-4175-a912-cec90d7f3f97",
              "parentUUID": "716f87db-ad42-4a83-82ba-6a61ea1ddff4",
              "isHook": false,
              "skipped": false
            },
            {
              "title": "TC41 - Negatif: Eksik alanlar doldurulmadan ödeme butonuna tıklama",
              "fullTitle": "User Story - 05 - Ödeme ve Sipariş Onayı TC41 - Negatif: Eksik alanlar doldurulmadan ödeme butonuna tıklama",
              "timedOut": null,
              "duration": 16851,
              "state": "passed",
              "speed": "slow",
              "pass": true,
              "fail": false,
              "pending": false,
              "context": null,
              "code": "_BasketPage.default.clickCheckoutButton();\n_PaymentPage.default.clickProceedToPayment();\n_PaymentPage.default.clickCardPaymentTab();\n_PaymentPage.default.clickPayButton();\n_PaymentPage.default.verifyEmptyFieldsError();",
              "err": {},
              "uuid": "2ce8c6d2-cea9-496b-bda0-7f9cf722a076",
              "parentUUID": "716f87db-ad42-4a83-82ba-6a61ea1ddff4",
              "isHook": false,
              "skipped": false
            },
            {
              "title": "TC42 Pozitif: Sipariş özeti kutusu görünür ve genel toplam doğru olmalı",
              "fullTitle": "User Story - 05 - Ödeme ve Sipariş Onayı TC42 Pozitif: Sipariş özeti kutusu görünür ve genel toplam doğru olmalı",
              "timedOut": null,
              "duration": 13557,
              "state": "passed",
              "speed": "slow",
              "pass": true,
              "fail": false,
              "pending": false,
              "context": null,
              "code": "_BasketPage.default.clickCheckoutButton();\n_PaymentPage.default.clickProceedToPayment();\n// Ödeme adımında sipariş özeti kontrolü\n_PaymentPage.default.verifyOrderSummary();",
              "err": {},
              "uuid": "1fa3e4c9-8337-4f66-94ba-df5b37361491",
              "parentUUID": "716f87db-ad42-4a83-82ba-6a61ea1ddff4",
              "isHook": false,
              "skipped": false
            }
          ],
          "suites": [],
          "passes": [
            "2553ef16-7120-41f1-895d-74c9a4dcacbd",
            "1403b810-8302-4db3-8c8b-32689e8aa193",
            "3fafa543-47b4-4658-85ff-ba5b3232af67",
            "6e7780cb-6ff3-4bdd-9787-8897527df833",
            "18d6061c-3fef-4f2f-a4bd-c2b004e9c9a9",
            "9754c4b7-357c-4175-a912-cec90d7f3f97",
            "2ce8c6d2-cea9-496b-bda0-7f9cf722a076",
            "1fa3e4c9-8337-4f66-94ba-df5b37361491"
          ],
          "failures": [],
          "pending": [],
          "skipped": [],
          "duration": 137505,
          "root": false,
          "rootEmpty": false,
          "_timeout": 2000
        }
      ],
      "passes": [],
      "failures": [],
      "pending": [],
      "skipped": [],
      "duration": 0,
      "root": true,
      "rootEmpty": true,
      "_timeout": 2000
    }
  ],
  "meta": {
    "mocha": {
      "version": "7.0.1"
    },
    "mochawesome": {
      "options": {
        "quiet": false,
        "reportFilename": "mochawesome",
        "saveHtml": false,
        "saveJson": true,
        "consoleReporter": "spec",
        "useInlineDiffs": false,
        "code": true
      },
      "version": "7.1.3"
    },
    "marge": {
      "options": {
        "reportDir": "cypress\\reports\\.jsons",
        "overwrite": false,
        "html": false,
        "json": true
      },
      "version": "6.3.2"
    }
  }
}