{
  "stats": {
    "suites": 1,
    "tests": 8,
    "passes": 7,
    "pending": 0,
    "failures": 1,
    "start": "2025-11-16T16:02:42.227Z",
    "end": "2025-11-16T16:07:06.874Z",
    "duration": 264647,
    "testsRegistered": 8,
    "passPercent": 87.5,
    "pendingPercent": 0,
    "other": 0,
    "hasOther": false,
    "skipped": 0,
    "hasSkipped": false
  },
  "results": [
    {
      "uuid": "91b47510-c145-4ff3-91ce-931578917141",
      "title": "",
      "fullFile": "cypress\\e2e\\ProductSearch.cy.js",
      "file": "cypress\\e2e\\ProductSearch.cy.js",
      "beforeHooks": [],
      "afterHooks": [],
      "tests": [],
      "suites": [
        {
          "uuid": "1572d107-dc7a-48b4-a7cb-72fff0a88938",
          "title": "US02 - Ürün Arama ve Listeleme İşlemleri",
          "fullFile": "",
          "file": "",
          "beforeHooks": [],
          "afterHooks": [],
          "tests": [
            {
              "title": "TC11 - Başarılı Ürün Arama ve Sonuç Doğrulama",
              "fullTitle": "US02 - Ürün Arama ve Listeleme İşlemleri TC11 - Başarılı Ürün Arama ve Sonuç Doğrulama",
              "timedOut": null,
              "duration": 40734,
              "state": "passed",
              "speed": "slow",
              "pass": true,
              "fail": false,
              "pending": false,
              "context": null,
              "code": "const searchQuery = 'Sefiller';\n_ProductSearchPage.default.search(searchQuery);\n_ProductSearchPage.default.verifySearchInputCleared();\n_ProductSearchPage.default.verifyFirstSearchResult(searchQuery);",
              "err": {},
              "uuid": "34e357fd-3d0b-4a14-a496-c76f386fe635",
              "parentUUID": "1572d107-dc7a-48b4-a7cb-72fff0a88938",
              "isHook": false,
              "skipped": false
            },
            {
              "title": "TC12 - Bulunmayan Ürün Araması",
              "fullTitle": "US02 - Ürün Arama ve Listeleme İşlemleri TC12 - Bulunmayan Ürün Araması",
              "timedOut": null,
              "duration": 23978,
              "state": "passed",
              "speed": "slow",
              "pass": true,
              "fail": false,
              "pending": false,
              "context": null,
              "code": "const searchQuery = 'asdfgh';\n_ProductSearchPage.default.search(searchQuery);\n_ProductSearchPage.default.verifyNoSearchResults(searchQuery);",
              "err": {},
              "uuid": "e2219522-4d4a-40cb-9bf7-af6d4f97ff21",
              "parentUUID": "1572d107-dc7a-48b4-a7cb-72fff0a88938",
              "isHook": false,
              "skipped": false
            },
            {
              "title": "TC13 - Ürün Kartı Arayüz Doğrulaması",
              "fullTitle": "US02 - Ürün Arama ve Listeleme İşlemleri TC13 - Ürün Kartı Arayüz Doğrulaması",
              "timedOut": null,
              "duration": 26939,
              "state": "passed",
              "speed": "slow",
              "pass": true,
              "fail": false,
              "pending": false,
              "context": null,
              "code": "_ProductSearchPage.default.search('denizler altında yirmibin fersah');\n_ProductSearchPage.default.verifyProductCardUI();",
              "err": {},
              "uuid": "9a755cc8-cc48-437e-8b30-936cb0141b82",
              "parentUUID": "1572d107-dc7a-48b4-a7cb-72fff0a88938",
              "isHook": false,
              "skipped": false
            },
            {
              "title": "TC14 - Ürün Sıralama Fonksiyonu (Fiyat Azalan)",
              "fullTitle": "US02 - Ürün Arama ve Listeleme İşlemleri TC14 - Ürün Sıralama Fonksiyonu (Fiyat Azalan)",
              "timedOut": null,
              "duration": 35724,
              "state": "passed",
              "speed": "slow",
              "pass": true,
              "fail": false,
              "pending": false,
              "context": null,
              "code": "_ProductSearchPage.default.search('Oyuncak Mahşeri');\n_ProductSearchPage.default.sortByPriceHighToLow();\n_ProductSearchPage.default.verifyProductsSortedByPrice();",
              "err": {},
              "uuid": "abbfb3ea-e495-42b1-89e6-0c628245435c",
              "parentUUID": "1572d107-dc7a-48b4-a7cb-72fff0a88938",
              "isHook": false,
              "skipped": false
            },
            {
              "title": "TC15 - Filtreleme Fonksiyonu",
              "fullTitle": "US02 - Ürün Arama ve Listeleme İşlemleri TC15 - Filtreleme Fonksiyonu",
              "timedOut": null,
              "duration": 41394,
              "state": "passed",
              "speed": "slow",
              "pass": true,
              "fail": false,
              "pending": false,
              "context": null,
              "code": "_ProductSearchPage.default.search('kitap');\n_ProductSearchPage.default.clickCategoryFilter('Dünyanın En İyi Kitapları');\n_ProductSearchPage.default.clickBrandOption('Doğan Kitap');\n_ProductSearchPage.default.clickModelOption('Haruki Murakami');\n_ProductSearchPage.default.clickApplyFilterButton();\n_ProductSearchPage.default.verifyFilterApplied('brand=');\n_ProductSearchPage.default.verifyFilterApplied('model=');",
              "err": {},
              "uuid": "b47ca4e1-1a1e-4e8b-ae06-76efb6f31745",
              "parentUUID": "1572d107-dc7a-48b4-a7cb-72fff0a88938",
              "isHook": false,
              "skipped": false
            },
            {
              "title": "TC16 - Ana Sayfa Kategori Navigasyonu",
              "fullTitle": "US02 - Ürün Arama ve Listeleme İşlemleri TC16 - Ana Sayfa Kategori Navigasyonu",
              "timedOut": null,
              "duration": 28619,
              "state": "failed",
              "speed": null,
              "pass": false,
              "fail": true,
              "pending": false,
              "context": null,
              "code": "const categoryName = 'Roman';\n_ProductSearchPage.default.navigateToCategory(categoryName);\n_ProductSearchPage.default.verifyCategoryPage(categoryName);",
              "err": {
                "message": "AssertionError: Timed out retrying after 10000ms: Expected to find element: `.col-12.py-1.d-none.d-md-block.category-name.text-center`, but never found it.",
                "estack": "AssertionError: Timed out retrying after 10000ms: Expected to find element: `.col-12.py-1.d-none.d-md-block.category-name.text-center`, but never found it.\n    at ProductSearchPage.verifyCategoryPage (webpack://kitapsepeti-qa/./cypress/pages/ProductSearchPage.js:197:13)\n    at Context.eval (webpack://kitapsepeti-qa/./cypress/e2e/ProductSearch.cy.js:60:22)",
                "diff": null
              },
              "uuid": "df435f09-3ac9-4b3d-a727-166215906eee",
              "parentUUID": "1572d107-dc7a-48b4-a7cb-72fff0a88938",
              "isHook": false,
              "skipped": false
            },
            {
              "title": "TC17 - Ürün Kartı Üzerinde \"Sepete Ekle\" (hover) Butonu Doğrulaması",
              "fullTitle": "US02 - Ürün Arama ve Listeleme İşlemleri TC17 - Ürün Kartı Üzerinde \"Sepete Ekle\" (hover) Butonu Doğrulaması",
              "timedOut": null,
              "duration": 24578,
              "state": "passed",
              "speed": "slow",
              "pass": true,
              "fail": false,
              "pending": false,
              "context": null,
              "code": "_ProductSearchPage.default.search('Elanın Gölgesi');\n_ProductSearchPage.default.verifyAddToCartOnHover();",
              "err": {},
              "uuid": "3d16b6da-e763-4a51-8622-8b130bdc5d00",
              "parentUUID": "1572d107-dc7a-48b4-a7cb-72fff0a88938",
              "isHook": false,
              "skipped": false
            },
            {
              "title": "TC18 - Sayfa Kaydırma (Scroll) ile Ürün Sayfası Yükleme",
              "fullTitle": "US02 - Ürün Arama ve Listeleme İşlemleri TC18 - Sayfa Kaydırma (Scroll) ile Ürün Sayfası Yükleme",
              "timedOut": null,
              "duration": 41416,
              "state": "passed",
              "speed": "slow",
              "pass": true,
              "fail": false,
              "pending": false,
              "context": null,
              "code": "_ProductSearchPage.default.search('sınav');\n_ProductSearchPage.default.getInitialProductCount().then(initialCount => {\n  _ProductSearchPage.default.scrollToBottomAndVerifyMoreProducts(initialCount);\n  _ProductSearchPage.default.verifyUrlPageNumber();\n});",
              "err": {},
              "uuid": "f8f3c031-4649-40ab-854b-d6db64af7f06",
              "parentUUID": "1572d107-dc7a-48b4-a7cb-72fff0a88938",
              "isHook": false,
              "skipped": false
            }
          ],
          "suites": [],
          "passes": [
            "34e357fd-3d0b-4a14-a496-c76f386fe635",
            "e2219522-4d4a-40cb-9bf7-af6d4f97ff21",
            "9a755cc8-cc48-437e-8b30-936cb0141b82",
            "abbfb3ea-e495-42b1-89e6-0c628245435c",
            "b47ca4e1-1a1e-4e8b-ae06-76efb6f31745",
            "3d16b6da-e763-4a51-8622-8b130bdc5d00",
            "f8f3c031-4649-40ab-854b-d6db64af7f06"
          ],
          "failures": [
            "df435f09-3ac9-4b3d-a727-166215906eee"
          ],
          "pending": [],
          "skipped": [],
          "duration": 263382,
          "root": false,
          "rootEmpty": false,
          "_timeout": 2000
        }
      ],
      "passes": [],
      "failures": [],
      "pending": [],
      "skipped": [],
      "duration": 0,
      "root": true,
      "rootEmpty": true,
      "_timeout": 2000
    }
  ],
  "meta": {
    "mocha": {
      "version": "7.0.1"
    },
    "mochawesome": {
      "options": {
        "quiet": false,
        "reportFilename": "mochawesome",
        "saveHtml": false,
        "saveJson": true,
        "consoleReporter": "spec",
        "useInlineDiffs": false,
        "code": true
      },
      "version": "7.1.3"
    },
    "marge": {
      "options": {
        "reportDir": "cypress/reports",
        "overwrite": false,
        "html": false,
        "json": true
      },
      "version": "6.3.2"
    }
  }
}