{
  "stats": {
    "suites": 1,
    "tests": 10,
    "passes": 10,
    "pending": 0,
    "failures": 0,
    "start": "2025-11-16T15:44:38.158Z",
    "end": "2025-11-16T15:46:25.509Z",
    "duration": 107351,
    "testsRegistered": 10,
    "passPercent": 100,
    "pendingPercent": 0,
    "other": 0,
    "hasOther": false,
    "skipped": 0,
    "hasSkipped": false
  },
  "results": [
    {
      "uuid": "8979d008-37a5-4d7d-9ab1-faac341f066a",
      "title": "",
      "fullFile": "cypress\\e2e\\Login.cy.js",
      "file": "cypress\\e2e\\Login.cy.js",
      "beforeHooks": [],
      "afterHooks": [],
      "tests": [],
      "suites": [
        {
          "uuid": "0d9fb34f-fd41-4525-9073-7855705da9c5",
          "title": "US01_Kullanıcı Girişi",
          "fullFile": "",
          "file": "",
          "beforeHooks": [],
          "afterHooks": [],
          "tests": [
            {
              "title": "TC01 - Navigasyon popup açılmalı",
              "fullTitle": "US01_Kullanıcı Girişi TC01 - Navigasyon popup açılmalı",
              "timedOut": null,
              "duration": 4530,
              "state": "passed",
              "speed": "fast",
              "pass": true,
              "fail": false,
              "pending": false,
              "context": null,
              "code": "cy.get(_LoginPage.default.loginModal).should('be.visible');",
              "err": {},
              "uuid": "cc621f19-05a2-4d0d-9481-db24c2e4d75f",
              "parentUUID": "0d9fb34f-fd41-4525-9073-7855705da9c5",
              "isHook": false,
              "skipped": false
            },
            {
              "title": "TC02 - Giriş formu elemanları görüntülenmeli",
              "fullTitle": "US01_Kullanıcı Girişi TC02 - Giriş formu elemanları görüntülenmeli",
              "timedOut": null,
              "duration": 4027,
              "state": "passed",
              "speed": "fast",
              "pass": true,
              "fail": false,
              "pending": false,
              "context": null,
              "code": "_LoginPage.default.verifyLoginPopupElementsVisible();",
              "err": {},
              "uuid": "ac78904f-1e95-485f-bbf6-b04ff86bb895",
              "parentUUID": "0d9fb34f-fd41-4525-9073-7855705da9c5",
              "isHook": false,
              "skipped": false
            },
            {
              "title": "TC03 - Başarılı giriş yapılabilmeli",
              "fullTitle": "US01_Kullanıcı Girişi TC03 - Başarılı giriş yapılabilmeli",
              "timedOut": null,
              "duration": 9402,
              "state": "passed",
              "speed": "medium",
              "pass": true,
              "fail": false,
              "pending": false,
              "context": null,
              "code": "// Gerçek test hesabı bilgilerini buraya yaz\nconst email = 'first.last@example.com';\nconst password = '12345-Abc';\n_LoginPage.default.login(email, password);\n// Login sonrası ana sayfa elementini kontrol et\n_LoginPage.default.verifyHomepageLoaded(); // .bestsellersHeader görünür olmalı",
              "err": {},
              "uuid": "c974f5e4-5b0d-4e67-adce-b7157581ac66",
              "parentUUID": "0d9fb34f-fd41-4525-9073-7855705da9c5",
              "isHook": false,
              "skipped": false
            },
            {
              "title": "TC04 - Başarılı giriş sonrası doğrulama",
              "fullTitle": "US01_Kullanıcı Girişi TC04 - Başarılı giriş sonrası doğrulama",
              "timedOut": null,
              "duration": 9400,
              "state": "passed",
              "speed": "medium",
              "pass": true,
              "fail": false,
              "pending": false,
              "context": null,
              "code": "const email = 'first.last@example.com';\nconst password = '12345-Abc';\n_LoginPage.default.login(email, password);\n// URL kontrolünü kaldırıp, ana sayfa elementi ile doğrula\ncy.get(_LoginPage.default.bestsellersHeader, {\n  timeout: 10000\n}).should('be.visible');",
              "err": {},
              "uuid": "dae1e6b1-ff63-451a-9ef4-13a805d9806e",
              "parentUUID": "0d9fb34f-fd41-4525-9073-7855705da9c5",
              "isHook": false,
              "skipped": false
            },
            {
              "title": "TC05 - Yanlış şifre girişi hata mesajı göstermeli",
              "fullTitle": "US01_Kullanıcı Girişi TC05 - Yanlış şifre girişi hata mesajı göstermeli",
              "timedOut": null,
              "duration": 9158,
              "state": "passed",
              "speed": "medium",
              "pass": true,
              "fail": false,
              "pending": false,
              "context": null,
              "code": "_LoginPage.default.login('first.last@example.com', 'zxcd');\n_LoginPage.default.verifyLoginErrorMessage();",
              "err": {},
              "uuid": "5cf9196f-0dc3-465c-b24f-17a71396629e",
              "parentUUID": "0d9fb34f-fd41-4525-9073-7855705da9c5",
              "isHook": false,
              "skipped": false
            },
            {
              "title": "TC06 - Yanlış e-posta ile giriş denemesi hata mesajı göstermeli",
              "fullTitle": "US01_Kullanıcı Girişi TC06 - Yanlış e-posta ile giriş denemesi hata mesajı göstermeli",
              "timedOut": null,
              "duration": 22782,
              "state": "passed",
              "speed": "slow",
              "pass": true,
              "fail": false,
              "pending": false,
              "context": null,
              "code": "_LoginPage.default.login('last.first@example.com', '12345-Abc');\n_LoginPage.default.verifyLoginErrorMessage();",
              "err": {},
              "uuid": "2cd61d9c-ee31-4597-a29d-e76c2fdbfe7e",
              "parentUUID": "0d9fb34f-fd41-4525-9073-7855705da9c5",
              "isHook": false,
              "skipped": false
            },
            {
              "title": "TC07 - Geçersiz e-posta formatı kontrolü",
              "fullTitle": "US01_Kullanıcı Girişi TC07 - Geçersiz e-posta formatı kontrolü",
              "timedOut": null,
              "duration": 20857,
              "state": "passed",
              "speed": "slow",
              "pass": true,
              "fail": false,
              "pending": false,
              "context": null,
              "code": "_LoginPage.default.login('first.lastexample.com', '12345-Abc');\n_LoginPage.default.verifyLoginErrorMessage();",
              "err": {},
              "uuid": "55cccb3e-d0fe-4cc3-95c6-b494e03cc820",
              "parentUUID": "0d9fb34f-fd41-4525-9073-7855705da9c5",
              "isHook": false,
              "skipped": false
            },
            {
              "title": "TC08 - Boş alanlarla giriş denemesi kontrolü",
              "fullTitle": "US01_Kullanıcı Girişi TC08 - Boş alanlarla giriş denemesi kontrolü",
              "timedOut": null,
              "duration": 9065,
              "state": "passed",
              "speed": "medium",
              "pass": true,
              "fail": false,
              "pending": false,
              "context": null,
              "code": "_LoginPage.default.login(' ', ' ');\n_LoginPage.default.verifyLoginErrorMessage();",
              "err": {},
              "uuid": "a7e597c7-9c7b-4109-8479-333d630802af",
              "parentUUID": "0d9fb34f-fd41-4525-9073-7855705da9c5",
              "isHook": false,
              "skipped": false
            },
            {
              "title": "TC09 - Şifremi Unuttum yönlendirmesi doğru çalışmalı",
              "fullTitle": "US01_Kullanıcı Girişi TC09 - Şifremi Unuttum yönlendirmesi doğru çalışmalı",
              "timedOut": null,
              "duration": 9260,
              "state": "passed",
              "speed": "medium",
              "pass": true,
              "fail": false,
              "pending": false,
              "context": null,
              "code": "_LoginPage.default.clickForgotPasswordLink();\ncy.url().should('include', '/uye-sifre-hatirlat'); // KitapSepeti’nin gerçek URL’i",
              "err": {},
              "uuid": "4a92c3a8-9ea2-487e-ac83-968e7c4bbee3",
              "parentUUID": "0d9fb34f-fd41-4525-9073-7855705da9c5",
              "isHook": false,
              "skipped": false
            },
            {
              "title": "TC10 - Şifre sıfırlama sayfası elemanları görüntülenmeli",
              "fullTitle": "US01_Kullanıcı Girişi TC10 - Şifre sıfırlama sayfası elemanları görüntülenmeli",
              "timedOut": null,
              "duration": 8187,
              "state": "passed",
              "speed": "medium",
              "pass": true,
              "fail": false,
              "pending": false,
              "context": null,
              "code": "_LoginPage.default.clickForgotPasswordLink();\n_LoginPage.default.verifyForgotPasswordPageLoaded();",
              "err": {},
              "uuid": "82429be6-7ce6-493c-96b1-677b0936e421",
              "parentUUID": "0d9fb34f-fd41-4525-9073-7855705da9c5",
              "isHook": false,
              "skipped": false
            }
          ],
          "suites": [],
          "passes": [
            "cc621f19-05a2-4d0d-9481-db24c2e4d75f",
            "ac78904f-1e95-485f-bbf6-b04ff86bb895",
            "c974f5e4-5b0d-4e67-adce-b7157581ac66",
            "dae1e6b1-ff63-451a-9ef4-13a805d9806e",
            "5cf9196f-0dc3-465c-b24f-17a71396629e",
            "2cd61d9c-ee31-4597-a29d-e76c2fdbfe7e",
            "55cccb3e-d0fe-4cc3-95c6-b494e03cc820",
            "a7e597c7-9c7b-4109-8479-333d630802af",
            "4a92c3a8-9ea2-487e-ac83-968e7c4bbee3",
            "82429be6-7ce6-493c-96b1-677b0936e421"
          ],
          "failures": [],
          "pending": [],
          "skipped": [],
          "duration": 106668,
          "root": false,
          "rootEmpty": false,
          "_timeout": 2000
        }
      ],
      "passes": [],
      "failures": [],
      "pending": [],
      "skipped": [],
      "duration": 0,
      "root": true,
      "rootEmpty": true,
      "_timeout": 2000
    }
  ],
  "meta": {
    "mocha": {
      "version": "7.0.1"
    },
    "mochawesome": {
      "options": {
        "quiet": false,
        "reportFilename": "mochawesome",
        "saveHtml": false,
        "saveJson": true,
        "consoleReporter": "spec",
        "useInlineDiffs": false,
        "code": true
      },
      "version": "7.1.3"
    },
    "marge": {
      "options": {
        "reportDir": "cypress\\reports\\.jsons",
        "overwrite": false,
        "html": false,
        "json": true
      },
      "version": "6.3.2"
    }
  }
}